<?xml version="1.0" encoding="UTF-8"?>
<!-- Generated by org.testng.reporters.JUnitReportReporter -->
<testsuite hostname="DESKTOP-85G8O45" failures="0" tests="1" name="TestDemo" time="4.175" errors="0" timestamp="2025-07-04T16:31:29 IST" skipped="0">
  <testcase classname="TestDemo" name="GetUser" time="4.175"/>
</testsuite> <!-- TestDemo -->
